https://en.wikipedia.org/wiki/Craps
https://upload.wikimedia.org/wikipedia/commons/a/a4/Craps_table_layout.svg

## Line bets Contract

PASSLINE
    Puck:   OFF
    Win:    7, 11, [ON: Box Number]
    Lose:   2, 3, 12, [ON: 7]
    Pay:    1:1

PASSLINE_ODDS
    Puck:   ON
    Win:    Box Number
    Lose:   7
    Pay:    [4-10: 2:1], [5-9: 3:2], [6-8: 6:5]
    Bet:    5x[PASSLINE]

DONT_PASS
    Puck:   OFF
    Win:    2, 3 [ON: 7]
    Lose:   7, 11, [ON: Box Number]
    Push:   12
    Pay:    1:1

DONT_PASS_ODDS
    Puck:   ON
    Win:    7
    Lose:   Box Number
    Pay:    [4-10: 1:2], [5-9: 2:3], [6-8: 5:6]
    Bet:    5x[DONT_PASS]

COME
    Puck:   ON
    Win:    7, 11, [COME: Box Number]
    Lose:   2, 3, 12, [COME: 7]
    Pay:    1:1

COME_ODDS
    Puck:   ON
    Win:    COME: Box Number
    Lose:   7
    Pay:    [4-10: 2:1], [5-9: 3:2], [6-8: 6:5]
    Bet:    5x[COME]

DONT_COME
    Puck:   ON
    Win:    2, 3, [DONT_COME: 7]
    Lose:   7, 11, [DONT_COME: Box Number]
    Push:   12
    Pay:    1:1

DONT_COME_ODDS
    Puck:   ON
    Win:    7
    Lose:   DONT_COME: Box Number
    Pay:    [4-10: 1:2], [5-9: 2:3], [6-8: 5:6]
    Bet:    5x[DONT_COME]

## Multi-roll

PLACE
    Put:    [4, 5, 6, 8, 9, 10]
    Win:    Box Number
    Lose:   7
    Pay:    [4-10: 9:5], [5-9: 7:5], [6-8: 7:6]

BUY
    Put:    [4, 5, 6, 8, 9, 10]
    Win:    Box Number
    Lose:   7
    Pay:    [4-10: 2:1], [5-9: 3:2], [6-8: 6:5]
    VIG:    5% on Bet

LAY
    Put:    [4, 5, 6, 8, 9, 10]
    Win:    7
    Lose:   Box Number
    Pay:    [4-10: 1:2], [5-9: 2:3], [6-8: 5:6]
    VIG: 5% on Win

PUT
    Puck:   ON
    Win:    Box Number
    Lose:   7
    Pay:    1:1
    Info:   Increase Odds

HARD_WAY
    Put:    [2-2, 4-4, 6-6, 5-5]
    Win:    [5-5, 2-2: 8:1] [4-4, 6-6: 10:1]
    Lose*:  7
    Lose:   Easy Way

BIG_6
    Put:    6
    Win:    6
    Lose:   7
    Pay:    1:1

BIG_8
    Put:    8
    Win:    8
    Lose:   7
    Pay:    1:1


## Single-roll bets

SNAKE_EYES
    Win:    [1,1]
    Lose:   *
    Pay:    30:1

ACE_DEUCE
    Win:    [1,2], [2,1]
    Lose:   *
    Pay:    15:1

YO
    Win:    [6,5], [5,6]
    Lose:   *
    Pay:    15:1

BOXCARS
    Win:    [6,6]
    Lose:   *
    Pay:    30:1

ANYCRAPS
    Win:    2, 3, 12
    Lose:   *
    Pay:    8:1

ANYSEVEN
    Win:    7
    Lose:   *
    Pay:    5:1

FIELD
    Win:    2, 3, 4, 9, 10, 11, 12
    Lose:   5, 6, 7, 8
    Pay:    1:1 [2 2:1] [12 3:1]
